#
# There is insufficient memory for the Java Runtime Environment to continue.
# Native memory allocation (malloc) failed to allocate 1058976 bytes for Chunk::new
# Possible reasons:
#   The system is out of physical RAM or swap space
#   In 32 bit mode, the process size limit was hit
# Possible solutions:
#   Reduce memory load on the system
#   Increase physical memory or swap space
#   Check if swap backing store is full
#   Use 64 bit Java on a 64 bit OS
#   Decrease Java heap size (-Xmx/-Xms)
#   Decrease number of Java threads
#   Decrease Java thread stack sizes (-Xss)
#   Set larger code cache with -XX:ReservedCodeCacheSize=
# This output file may be truncated or incomplete.
#
#  Out of Memory Error (allocation.cpp:390), pid=15712, tid=0x0000000000002904
#
# JRE version: OpenJDK Runtime Environment (8.0_76-b03) (build 1.8.0_76-release-b03)
# Java VM: OpenJDK 64-Bit Server VM (25.76-b03 mixed mode windows-amd64 compressed oops)
# Failed to write core dump. Minidumps are not enabled by default on client versions of Windows
#

---------------  T H R E A D  ---------------

Current thread (0x0000000018b8a000):  JavaThread "C2 CompilerThread0" daemon [_thread_in_native, id=10500, stack(0x00000000192b0000,0x00000000193b0000)]

Stack: [0x00000000192b0000,0x00000000193b0000]
[error occurred during error reporting (printing stack bounds), id 0xc0000005]

Native frames: (J=compiled Java code, j=interpreted, Vv=VM code, C=native code)


Current CompileTask:
C2:   4756 3947       4       groovy.lang.MetaClassImpl::addMetaMethodToIndex (65 bytes)


---------------  P R O C E S S  ---------------

Java Threads: ( => current thread )
  0x000000001d2f0000 JavaThread "File lock request listener" [_thread_in_native, id=13372, stack(0x000000001f5d0000,0x000000001f6d0000)]
  0x000000001a787800 JavaThread "Stdin handler" [_thread_blocked, id=5396, stack(0x000000001ba60000,0x000000001bb60000)]
  0x000000001a784800 JavaThread "Asynchronous log dispatcher for org.gradle.launcher.daemon.server.DefaultDaemonConnection@4ec44410" [_thread_blocked, id=18912, stack(0x000000001b960000,0x000000001ba60000)]
  0x000000001a773800 JavaThread "Daemon worker" [_thread_in_native, id=19164, stack(0x000000001b820000,0x000000001b920000)]
  0x000000001a707800 JavaThread "Cancel handler" [_thread_blocked, id=18780, stack(0x000000001b720000,0x000000001b820000)]
  0x000000001a70a800 JavaThread "Handler for socket connection from /127.0.0.1:64398 to /127.0.0.1:64399" [_thread_in_native, id=17420, stack(0x000000001b620000,0x000000001b720000)]
  0x000000001a702800 JavaThread "Daemon" [_thread_blocked, id=17500, stack(0x000000001b520000,0x000000001b620000)]
  0x000000001a6cd000 JavaThread "pool-1-thread-1" [_thread_blocked, id=17828, stack(0x000000001b420000,0x000000001b520000)]
  0x000000001aa1e000 JavaThread "Incoming local TCP Connector on port 64398" [_thread_in_native, id=19140, stack(0x000000001b0b0000,0x000000001b1b0000)]
  0x0000000018c6b000 JavaThread "Service Thread" daemon [_thread_blocked, id=19432, stack(0x00000000196b0000,0x00000000197b0000)]
  0x0000000018be0000 JavaThread "C1 CompilerThread3" daemon [_thread_blocked, id=19180, stack(0x00000000195b0000,0x00000000196b0000)]
  0x0000000018bdb000 JavaThread "C2 CompilerThread2" daemon [_thread_in_native, id=9752, stack(0x00000000194b0000,0x00000000195b0000)]
  0x0000000018b8b000 JavaThread "C2 CompilerThread1" daemon [_thread_in_native, id=16960, stack(0x00000000193b0000,0x00000000194b0000)]
=>0x0000000018b8a000 JavaThread "C2 CompilerThread0" daemon [_thread_in_native, id=10500, stack(0x00000000192b0000,0x00000000193b0000)]
  0x0000000018b75000 JavaThread "Attach Listener" daemon [_thread_blocked, id=17484, stack(0x00000000191b0000,0x00000000192b0000)]
  0x0000000018bd8800 JavaThread "Signal Dispatcher" daemon [_thread_blocked, id=18412, stack(0x00000000190b0000,0x00000000191b0000)]
  0x0000000002ead800 JavaThread "Finalizer" daemon [_thread_blocked, id=17188, stack(0x0000000018f50000,0x0000000019050000)]
  0x0000000002ea5000 JavaThread "Reference Handler" daemon [_thread_blocked, id=4488, stack(0x0000000018a50000,0x0000000018b50000)]
  0x0000000002db0800 JavaThread "main" [_thread_blocked, id=14856, stack(0x0000000002cb0000,0x0000000002db0000)]

Other Threads:
  0x0000000016c67800 VMThread [stack: 0x0000000018950000,0x0000000018a50000] [id=19060]
  0x0000000018c6c000 WatcherThread [stack: 0x00000000197b0000,0x00000000198b0000] [id=14876]

VM state:not at safepoint (normal execution)

VM Mutex/Monitor currently owned by a thread: None

Heap:
 PSYoungGen      total 89088K, used 39942K [0x00000000e0000000, 0x00000000e6800000, 0x0000000100000000)
  eden space 78336K, 50% used [0x00000000e0000000,0x00000000e2701b90,0x00000000e4c80000)
  from space 10752K, 0% used [0x00000000e5780000,0x00000000e5780000,0x00000000e6200000)
  to   space 11264K, 0% used [0x00000000e4c80000,0x00000000e4c80000,0x00000000e5780000)
 ParOldGen       total 68096K, used 15342K [0x00000000a0000000, 0x00000000a4280000, 0x00000000e0000000)
  object space 68096K, 22% used [0x00000000a0000000,0x00000000a0efb8c8,0x00000000a4280000)
 Metaspace       used 36405K, capacity 37080K, committed 37376K, reserved 1081344K
  class space    used 4907K, capacity 5094K, committed 5120K, reserved 1048576K

Card table byte_map: [0x0000000012270000,0x0000000012580000] byte_map_base: 0x0000000011d70000

Marking Bits: (ParMarkBitMap*) 0x0000000065a09d00
 Begin Bits: [0x0000000012f80000, 0x0000000014780000)
 End Bits:   [0x0000000014780000, 0x0000000015f80000)

Polling page: 0x00000000011b0000

CodeCache: size=245760Kb used=14711Kb max_used=14711Kb free=231048Kb
 bounds [0x0000000002eb0000, 0x0000000003d20000, 0x0000000011eb0000]
 total_blobs=4652 nmethods=3985 adapters=580
 compilation: enabled

Compilation events (10 events):
Event: 4.717 Thread 0x0000000018be0000 3994       3       java.lang.Exception::<init> (6 bytes)
Event: 4.717 Thread 0x0000000018be0000 nmethod 3994 0x0000000003d181d0 code [0x0000000003d18340, 0x0000000003d18688]
Event: 4.719 Thread 0x0000000018be0000 3996       1       sun.nio.fs.WindowsException::lastError (5 bytes)
Event: 4.719 Thread 0x0000000018be0000 nmethod 3996 0x0000000003d18790 code [0x0000000003d188e0, 0x0000000003d189f0]
Event: 4.719 Thread 0x0000000018be0000 3997       1       sun.nio.fs.WindowsPathParser$Result::type (5 bytes)
Event: 4.719 Thread 0x0000000018be0000 nmethod 3997 0x0000000003d18a50 code [0x0000000003d18ba0, 0x0000000003d18cb0]
Event: 4.719 Thread 0x0000000018be0000 3998       1       sun.nio.fs.WindowsPathParser$Result::root (5 bytes)
Event: 4.719 Thread 0x0000000018be0000 nmethod 3998 0x0000000003d18d10 code [0x0000000003d18e60, 0x0000000003d18f70]
Event: 4.719 Thread 0x0000000018be0000 3999       1       sun.nio.fs.WindowsPathParser$Result::path (5 bytes)
Event: 4.719 Thread 0x0000000018be0000 nmethod 3999 0x0000000003d18fd0 code [0x0000000003d19120, 0x0000000003d19230]

GC Heap History (10 events):
Event: 3.022 GC heap before
{Heap before GC invocations=8 (full 1):
 PSYoungGen      total 57344K, used 52508K [0x00000000e0000000, 0x00000000e4280000, 0x0000000100000000)
  eden space 47104K, 100% used [0x00000000e0000000,0x00000000e2e00000,0x00000000e2e00000)
  from space 10240K, 52% used [0x00000000e3800000,0x00000000e3d47090,0x00000000e4200000)
  to   space 10240K, 0% used [0x00000000e2e00000,0x00000000e2e00000,0x00000000e3800000)
 ParOldGen       total 68096K, used 11300K [0x00000000a0000000, 0x00000000a4280000, 0x00000000e0000000)
  object space 68096K, 16% used [0x00000000a0000000,0x00000000a0b09030,0x00000000a4280000)
 Metaspace       used 27628K, capacity 28130K, committed 28544K, reserved 1073152K
  class space    used 3770K, capacity 3901K, committed 3968K, reserved 1048576K
Event: 3.025 GC heap after
Heap after GC invocations=8 (full 1):
 PSYoungGen      total 57344K, used 4683K [0x00000000e0000000, 0x00000000e5400000, 0x0000000100000000)
  eden space 47104K, 0% used [0x00000000e0000000,0x00000000e0000000,0x00000000e2e00000)
  from space 10240K, 45% used [0x00000000e2e00000,0x00000000e3292e18,0x00000000e3800000)
  to   space 10240K, 0% used [0x00000000e4a00000,0x00000000e4a00000,0x00000000e5400000)
 ParOldGen       total 68096K, used 11308K [0x00000000a0000000, 0x00000000a4280000, 0x00000000e0000000)
  object space 68096K, 16% used [0x00000000a0000000,0x00000000a0b0b030,0x00000000a4280000)
 Metaspace       used 27628K, capacity 28130K, committed 28544K, reserved 1073152K
  class space    used 3770K, capacity 3901K, committed 3968K, reserved 1048576K
}
Event: 3.826 GC heap before
{Heap before GC invocations=9 (full 1):
 PSYoungGen      total 57344K, used 51787K [0x00000000e0000000, 0x00000000e5400000, 0x0000000100000000)
  eden space 47104K, 100% used [0x00000000e0000000,0x00000000e2e00000,0x00000000e2e00000)
  from space 10240K, 45% used [0x00000000e2e00000,0x00000000e3292e18,0x00000000e3800000)
  to   space 10240K, 0% used [0x00000000e4a00000,0x00000000e4a00000,0x00000000e5400000)
 ParOldGen       total 68096K, used 11308K [0x00000000a0000000, 0x00000000a4280000, 0x00000000e0000000)
  object space 68096K, 16% used [0x00000000a0000000,0x00000000a0b0b030,0x00000000a4280000)
 Metaspace       used 28849K, capacity 29356K, committed 29696K, reserved 1075200K
  class space    used 3911K, capacity 4079K, committed 4096K, reserved 1048576K
Event: 3.830 GC heap after
Heap after GC invocations=9 (full 1):
 PSYoungGen      total 70656K, used 5494K [0x00000000e0000000, 0x00000000e5100000, 0x0000000100000000)
  eden space 63488K, 0% used [0x00000000e0000000,0x00000000e0000000,0x00000000e3e00000)
  from space 7168K, 76% used [0x00000000e4a00000,0x00000000e4f5d940,0x00000000e5100000)
  to   space 9728K, 0% used [0x00000000e3e00000,0x00000000e3e00000,0x00000000e4780000)
 ParOldGen       total 68096K, used 11388K [0x00000000a0000000, 0x00000000a4280000, 0x00000000e0000000)
  object space 68096K, 16% used [0x00000000a0000000,0x00000000a0b1f058,0x00000000a4280000)
 Metaspace       used 28849K, capacity 29356K, committed 29696K, reserved 1075200K
  class space    used 3911K, capacity 4079K, committed 4096K, reserved 1048576K
}
Event: 4.253 GC heap before
{Heap before GC invocations=10 (full 1):
 PSYoungGen      total 70656K, used 68982K [0x00000000e0000000, 0x00000000e5100000, 0x0000000100000000)
  eden space 63488K, 100% used [0x00000000e0000000,0x00000000e3e00000,0x00000000e3e00000)
  from space 7168K, 76% used [0x00000000e4a00000,0x00000000e4f5d940,0x00000000e5100000)
  to   space 9728K, 0% used [0x00000000e3e00000,0x00000000e3e00000,0x00000000e4780000)
 ParOldGen       total 68096K, used 11388K [0x00000000a0000000, 0x00000000a4280000, 0x00000000e0000000)
  object space 68096K, 16% used [0x00000000a0000000,0x00000000a0b1f058,0x00000000a4280000)
 Metaspace       used 33456K, capacity 34048K, committed 34432K, reserved 1079296K
  class space    used 4503K, capacity 4685K, committed 4736K, reserved 1048576K
Event: 4.262 GC heap after
Heap after GC invocations=10 (full 1):
 PSYoungGen      total 73216K, used 9723K [0x00000000e0000000, 0x00000000e6200000, 0x0000000100000000)
  eden space 63488K, 0% used [0x00000000e0000000,0x00000000e0000000,0x00000000e3e00000)
  from space 9728K, 99% used [0x00000000e3e00000,0x00000000e477edb0,0x00000000e4780000)
  to   space 10752K, 0% used [0x00000000e5780000,0x00000000e5780000,0x00000000e6200000)
 ParOldGen       total 68096K, used 11508K [0x00000000a0000000, 0x00000000a4280000, 0x00000000e0000000)
  object space 68096K, 16% used [0x00000000a0000000,0x00000000a0b3d3a8,0x00000000a4280000)
 Metaspace       used 33456K, capacity 34048K, committed 34432K, reserved 1079296K
  class space    used 4503K, capacity 4685K, committed 4736K, reserved 1048576K
}
Event: 4.361 GC heap before
{Heap before GC invocations=11 (full 1):
 PSYoungGen      total 73216K, used 20882K [0x00000000e0000000, 0x00000000e6200000, 0x0000000100000000)
  eden space 63488K, 17% used [0x00000000e0000000,0x00000000e0ae5d80,0x00000000e3e00000)
  from space 9728K, 99% used [0x00000000e3e00000,0x00000000e477edb0,0x00000000e4780000)
  to   space 10752K, 0% used [0x00000000e5780000,0x00000000e5780000,0x00000000e6200000)
 ParOldGen       total 68096K, used 11508K [0x00000000a0000000, 0x00000000a4280000, 0x00000000e0000000)
  object space 68096K, 16% used [0x00000000a0000000,0x00000000a0b3d3a8,0x00000000a4280000)
 Metaspace       used 34711K, capacity 35256K, committed 35496K, reserved 1079296K
  class space    used 4645K, capacity 4849K, committed 4864K, reserved 1048576K
Event: 4.366 GC heap after
Heap after GC invocations=11 (full 1):
 PSYoungGen      total 89088K, used 8375K [0x00000000e0000000, 0x00000000e6800000, 0x0000000100000000)
  eden space 78336K, 0% used [0x00000000e0000000,0x00000000e0000000,0x00000000e4c80000)
  from space 10752K, 77% used [0x00000000e5780000,0x00000000e5fadc88,0x00000000e6200000)
  to   space 11264K, 0% used [0x00000000e4c80000,0x00000000e4c80000,0x00000000e5780000)
 ParOldGen       total 68096K, used 11516K [0x00000000a0000000, 0x00000000a4280000, 0x00000000e0000000)
  object space 68096K, 16% used [0x00000000a0000000,0x00000000a0b3f3a8,0x00000000a4280000)
 Metaspace       used 34711K, capacity 35256K, committed 35496K, reserved 1079296K
  class space    used 4645K, capacity 4849K, committed 4864K, reserved 1048576K
}
Event: 4.366 GC heap before
{Heap before GC invocations=12 (full 2):
 PSYoungGen      total 89088K, used 8375K [0x00000000e0000000, 0x00000000e6800000, 0x0000000100000000)
  eden space 78336K, 0% used [0x00000000e0000000,0x00000000e0000000,0x00000000e4c80000)
  from space 10752K, 77% used [0x00000000e5780000,0x00000000e5fadc88,0x00000000e6200000)
  to   space 11264K, 0% used [0x00000000e4c80000,0x00000000e4c80000,0x00000000e5780000)
 ParOldGen       total 68096K, used 11516K [0x00000000a0000000, 0x00000000a4280000, 0x00000000e0000000)
  object space 68096K, 16% used [0x00000000a0000000,0x00000000a0b3f3a8,0x00000000a4280000)
 Metaspace       used 34711K, capacity 35256K, committed 35496K, reserved 1079296K
  class space    used 4645K, capacity 4849K, committed 4864K, reserved 1048576K
Event: 4.418 GC heap after
Heap after GC invocations=12 (full 2):
 PSYoungGen      total 89088K, used 0K [0x00000000e0000000, 0x00000000e6800000, 0x0000000100000000)
  eden space 78336K, 0% used [0x00000000e0000000,0x00000000e0000000,0x00000000e4c80000)
  from space 10752K, 0% used [0x00000000e5780000,0x00000000e5780000,0x00000000e6200000)
  to   space 11264K, 0% used [0x00000000e4c80000,0x00000000e4c80000,0x00000000e5780000)
 ParOldGen       total 68096K, used 15342K [0x00000000a0000000, 0x00000000a4280000, 0x00000000e0000000)
  object space 68096K, 22% used [0x00000000a0000000,0x00000000a0efb8c8,0x00000000a4280000)
 Metaspace       used 34711K, capacity 35256K, committed 35496K, reserved 1079296K
  class space    used 4645K, capacity 4849K, committed 4864K, reserved 1048576K
}

Deoptimization events (10 events):
Event: 4.429 Thread 0x000000001a773800 Uncommon trap: reason=unstable_if action=reinterpret pc=0x0000000003392ebc method=java.lang.CharacterDataLatin1.isWhitespace(I)Z @ 14
Event: 4.431 Thread 0x000000001a773800 Uncommon trap: reason=predicate action=maybe_recompile pc=0x0000000003c57538 method=java.util.AbstractCollection.toArray([Ljava/lang/Object;)[Ljava/lang/Object; @ 49
Event: 4.432 Thread 0x000000001a773800 Uncommon trap: reason=class_check action=maybe_recompile pc=0x00000000039ee014 method=java.security.MessageDigest$Delegate.engineUpdate([BII)V @ 7
Event: 4.447 Thread 0x000000001a773800 Uncommon trap: reason=class_check action=maybe_recompile pc=0x00000000039ed5a8 method=java.security.MessageDigest$Delegate.engineUpdate([BII)V @ 7
Event: 4.451 Thread 0x000000001a773800 Uncommon trap: reason=unstable_if action=reinterpret pc=0x000000000365406c method=java.security.CodeSource.getCertificates()[Ljava/security/cert/Certificate; @ 22
Event: 4.451 Thread 0x000000001a773800 Uncommon trap: reason=class_check action=maybe_recompile pc=0x00000000039ecd2c method=sun.security.provider.DigestBase.engineUpdate([BII)V @ 128
Event: 4.465 Thread 0x000000001a773800 Uncommon trap: reason=unstable_if action=reinterpret pc=0x0000000003a18c80 method=java.util.LinkedHashMap.get(Ljava/lang/Object;)Ljava/lang/Object; @ 20
Event: 4.486 Thread 0x000000001a773800 Uncommon trap: reason=class_check action=maybe_recompile pc=0x00000000039ecd2c method=sun.security.provider.DigestBase.engineUpdate([BII)V @ 128
Event: 4.487 Thread 0x000000001a773800 Uncommon trap: reason=class_check action=maybe_recompile pc=0x00000000039ecd2c method=sun.security.provider.DigestBase.engineUpdate([BII)V @ 128
Event: 4.615 Thread 0x000000001a773800 Uncommon trap: reason=unstable_if action=reinterpret pc=0x0000000003a82670 method=java.util.WeakHashMap.eq(Ljava/lang/Object;Ljava/lang/Object;)Z @ 10

Internal exceptions (10 events):
Event: 4.718 Thread 0x000000001a773800 Exception <a 'sun/nio/fs/WindowsException'> (0x00000000e26ba300) thrown at [C:\src\android\AOSP-openjdk\external\jetbrains\jdk\hotspot\src\share\vm\prims\jni.cpp, line 709]
Event: 4.718 Thread 0x000000001a773800 Exception <a 'sun/nio/fs/WindowsException'> (0x00000000e26bafc8) thrown at [C:\src\android\AOSP-openjdk\external\jetbrains\jdk\hotspot\src\share\vm\prims\jni.cpp, line 709]
Event: 4.718 Thread 0x000000001a773800 Exception <a 'sun/nio/fs/WindowsException'> (0x00000000e26bccd0) thrown at [C:\src\android\AOSP-openjdk\external\jetbrains\jdk\hotspot\src\share\vm\prims\jni.cpp, line 709]
Event: 4.718 Thread 0x000000001a773800 Exception <a 'sun/nio/fs/WindowsException'> (0x00000000e26bd9d0) thrown at [C:\src\android\AOSP-openjdk\external\jetbrains\jdk\hotspot\src\share\vm\prims\jni.cpp, line 709]
Event: 4.719 Thread 0x000000001a773800 Exception <a 'sun/nio/fs/WindowsException'> (0x00000000e26c0b50) thrown at [C:\src\android\AOSP-openjdk\external\jetbrains\jdk\hotspot\src\share\vm\prims\jni.cpp, line 709]
Event: 4.719 Thread 0x000000001a773800 Exception <a 'sun/nio/fs/WindowsException'> (0x00000000e26c1888) thrown at [C:\src\android\AOSP-openjdk\external\jetbrains\jdk\hotspot\src\share\vm\prims\jni.cpp, line 709]
Event: 4.719 Thread 0x000000001a773800 Exception <a 'sun/nio/fs/WindowsException'> (0x00000000e26c3608) thrown at [C:\src\android\AOSP-openjdk\external\jetbrains\jdk\hotspot\src\share\vm\prims\jni.cpp, line 709]
Event: 4.719 Thread 0x000000001a773800 Exception <a 'sun/nio/fs/WindowsException'> (0x00000000e26c4378) thrown at [C:\src\android\AOSP-openjdk\external\jetbrains\jdk\hotspot\src\share\vm\prims\jni.cpp, line 709]
Event: 4.720 Thread 0x000000001a773800 Exception <a 'sun/nio/fs/WindowsException'> (0x00000000e26c7cd8) thrown at [C:\src\android\AOSP-openjdk\external\jetbrains\jdk\hotspot\src\share\vm\prims\jni.cpp, line 709]
Event: 4.720 Thread 0x000000001a773800 Exception <a 'sun/nio/fs/WindowsException'> (0x00000000e26c8ac0) thrown at [C:\src\android\AOSP-openjdk\external\jetbrains\jdk\hotspot\src\share\vm\prims\jni.cpp, line 709]

Events (10 events):
Event: 4.708 loading class java/nio/file/attribute/FileAttributeView done
Event: 4.708 loading class java/nio/file/attribute/BasicFileAttributeView done
Event: 4.708 loading class sun/nio/fs/WindowsFileAttributeViews
Event: 4.708 loading class sun/nio/fs/WindowsFileAttributeViews done
Event: 4.708 loading class sun/nio/fs/WindowsFileAttributeViews$Basic
Event: 4.708 loading class sun/nio/fs/AbstractBasicFileAttributeView
Event: 4.708 loading class sun/nio/fs/DynamicFileAttributeView
Event: 4.708 loading class sun/nio/fs/DynamicFileAttributeView done
Event: 4.708 loading class sun/nio/fs/AbstractBasicFileAttributeView done
Event: 4.708 loading class sun/nio/fs/WindowsFileAttributeViews$Basic done


Dynamic libraries:
0x00007ff677160000 - 0x00007ff677191000 	F:\AndroidStudio\jre\bin\java.exe
0x00007ffd4e5e0000 - 0x00007ffd4e7a1000 	C:\WINDOWS\SYSTEM32\ntdll.dll
0x00007ffd4e4b0000 - 0x00007ffd4e55d000 	C:\WINDOWS\system32\KERNEL32.DLL
0x00007ffd4bad0000 - 0x00007ffd4bcad000 	C:\WINDOWS\system32\KERNELBASE.dll
0x00007ffd4dce0000 - 0x00007ffd4dd86000 	C:\WINDOWS\system32\ADVAPI32.dll
0x00007ffd4e3d0000 - 0x00007ffd4e46d000 	C:\WINDOWS\system32\msvcrt.dll
0x00007ffd4dc80000 - 0x00007ffd4dcdb000 	C:\WINDOWS\system32\sechost.dll
0x00007ffd4db40000 - 0x00007ffd4dc66000 	C:\WINDOWS\system32\RPCRT4.dll
0x00007ffd4d840000 - 0x00007ffd4d98e000 	C:\WINDOWS\system32\USER32.dll
0x00007ffd4e050000 - 0x00007ffd4e1d6000 	C:\WINDOWS\system32\GDI32.dll
0x00007ffd47a30000 - 0x00007ffd47ca4000 	C:\WINDOWS\WinSxS\amd64_microsoft.windows.common-controls_6595b64144ccf1df_6.0.10240.16384_none_f41f7b285750ef43\COMCTL32.dll
0x00007ffd4e470000 - 0x00007ffd4e4a6000 	C:\WINDOWS\system32\IMM32.DLL
0x00007ffd4def0000 - 0x00007ffd4e04c000 	C:\WINDOWS\system32\MSCTF.dll
0x0000000065170000 - 0x0000000065242000 	F:\AndroidStudio\jre\jre\bin\msvcr100.dll
0x0000000065250000 - 0x0000000065a84000 	F:\AndroidStudio\jre\jre\bin\server\jvm.dll
0x00007ffd4de70000 - 0x00007ffd4de78000 	C:\WINDOWS\system32\PSAPI.DLL
0x00007ffd48a20000 - 0x00007ffd48a43000 	C:\WINDOWS\SYSTEM32\WINMM.dll
0x00007ffd3c190000 - 0x00007ffd3c199000 	C:\WINDOWS\SYSTEM32\WSOCK32.dll
0x00007ffd49e00000 - 0x00007ffd49e0a000 	C:\WINDOWS\SYSTEM32\VERSION.dll
0x00007ffd4de80000 - 0x00007ffd4dee9000 	C:\WINDOWS\system32\WS2_32.dll
0x00007ffd4e560000 - 0x00007ffd4e568000 	C:\WINDOWS\system32\NSI.dll
0x00007ffd48800000 - 0x00007ffd4882c000 	C:\WINDOWS\SYSTEM32\WINMMBASE.dll
0x00007ffd4b0b0000 - 0x00007ffd4b0f4000 	C:\WINDOWS\system32\cfgmgr32.dll
0x00007ffd498f0000 - 0x00007ffd49917000 	C:\WINDOWS\SYSTEM32\DEVOBJ.dll
0x00007ffd494d0000 - 0x00007ffd494df000 	F:\AndroidStudio\jre\jre\bin\verify.dll
0x00007ffd45920000 - 0x00007ffd45949000 	F:\AndroidStudio\jre\jre\bin\java.dll
0x00007ffd45900000 - 0x00007ffd45916000 	F:\AndroidStudio\jre\jre\bin\zip.dll
0x00007ffd4c100000 - 0x00007ffd4d622000 	C:\WINDOWS\system32\SHELL32.dll
0x00007ffd4b100000 - 0x00007ffd4b729000 	C:\WINDOWS\system32\windows.storage.dll
0x00007ffd4be80000 - 0x00007ffd4c0fc000 	C:\WINDOWS\system32\combase.dll
0x00007ffd4e350000 - 0x00007ffd4e3a1000 	C:\WINDOWS\system32\shlwapi.dll
0x00007ffd4b080000 - 0x00007ffd4b08f000 	C:\WINDOWS\system32\kernel.appcore.dll
0x00007ffd4ba10000 - 0x00007ffd4bac3000 	C:\WINDOWS\system32\shcore.dll
0x00007ffd4b030000 - 0x00007ffd4b07a000 	C:\WINDOWS\system32\powrprof.dll
0x00007ffd4b010000 - 0x00007ffd4b023000 	C:\WINDOWS\system32\profapi.dll
0x00007ffd458e0000 - 0x00007ffd458fa000 	F:\AndroidStudio\jre\jre\bin\net.dll
0x00007ffd4a820000 - 0x00007ffd4a87d000 	C:\WINDOWS\system32\mswsock.dll
0x00007ffd458c0000 - 0x00007ffd458d1000 	F:\AndroidStudio\jre\jre\bin\nio.dll
0x00007ffd45840000 - 0x00007ffd45852000 	C:\Users\Administrator\.gradle\native\19\windows-amd64\native-platform.dll
0x00007ffd4a880000 - 0x00007ffd4a897000 	C:\WINDOWS\SYSTEM32\CRYPTSP.dll
0x00007ffd4af40000 - 0x00007ffd4af68000 	C:\WINDOWS\SYSTEM32\bcrypt.dll
0x00007ffd4a4d0000 - 0x00007ffd4a503000 	C:\WINDOWS\system32\rsaenh.dll
0x00007ffd4a6b0000 - 0x00007ffd4a6cf000 	C:\WINDOWS\SYSTEM32\USERENV.dll
0x00007ffd4add0000 - 0x00007ffd4ae3b000 	C:\WINDOWS\system32\bcryptprimitives.dll
0x00007ffd4a9f0000 - 0x00007ffd4a9fb000 	C:\WINDOWS\SYSTEM32\CRYPTBASE.dll
0x00007ffd49dc0000 - 0x00007ffd49df8000 	C:\WINDOWS\SYSTEM32\IPHLPAPI.DLL
0x00007ffd49db0000 - 0x00007ffd49dbb000 	C:\WINDOWS\SYSTEM32\WINNSI.DLL
0x00007ffd44770000 - 0x00007ffd44786000 	C:\WINDOWS\SYSTEM32\dhcpcsvc6.DLL
0x00007ffd44750000 - 0x00007ffd4476a000 	C:\WINDOWS\SYSTEM32\dhcpcsvc.DLL
0x00007ffd491e0000 - 0x00007ffd491ed000 	F:\AndroidStudio\jre\jre\bin\management.dll

VM Arguments:
jvm_args: -Xmx1536m -Dfile.encoding=GBK -Duser.country=CN -Duser.language=zh -Duser.variant 
java_command: org.gradle.launcher.daemon.bootstrap.GradleDaemon 2.14.1
java_class_path (initial): F:\AndroidStudio\gradle\gradle-2.14.1\lib\gradle-launcher-2.14.1.jar
Launcher Type: SUN_STANDARD

Environment Variables:
JAVA_HOME=C:\Program Files\Java\jdk1.8.0_111
CLASSPATH=.;C:\Program Files\Java\jdk1.8.0_111\lib
PATH=C:\Program Files\Java\jdk1.8.0_111\bin;C:\ProgramData\Oracle\Java\javapath;C:\Program Files (x86)\Intel\iCLS Client\;C:\Program Files\Intel\iCLS Client\;C:\Windows\system32;C:\Windows;C:\Windows\System32\Wbem;C:\Windows\System32\WindowsPowerShell\v1.0\;C:\Program Files\Intel\Intel(R) Management Engine Components\DAL;C:\Program Files\Intel\Intel(R) Management Engine Components\IPT;C:\Program Files (x86)\Intel\Intel(R) Management Engine Components\DAL;C:\Program Files (x86)\Intel\Intel(R) Management Engine Components\IPT;C:\Program Files (x86)\NVIDIA Corporation\PhysX\Common;C:\WINDOWS\system32;C:\WINDOWS;C:\WINDOWS\System32\Wbem;C:\WINDOWS\System32\WindowsPowerShell\v1.0\;C:\Program Files (x86)\Skype\Phone\;C:\Program Files (x86)\Windows Live\Shared;C:\Program Files\Microsoft SQL Server\130\Tools\Binn\;C:\Program Files (x86)\Windows Kits\8.1\Windows Performance Toolkit\;C:\Program Files\Git\cmd;;d:\Program Files\Docker Toolbox;d:\Program Files\Boot2Docker for Windows
USERNAME=Administrator
OS=Windows_NT
PROCESSOR_IDENTIFIER=Intel64 Family 6 Model 58 Stepping 9, GenuineIntel



---------------  S Y S T E M  ---------------

OS: Windows 10.0 , 64 bit Build 10240 (10.0.10240.16384)

CPU:total 8 (4 cores per cpu, 2 threads per core) family 6 model 58 stepping 9, cmov, cx8, fxsr, mmx, sse, sse2, sse3, ssse3, sse4.1, sse4.2, popcnt, avx, aes, clmul, erms, ht, tsc, tscinvbit, tscinv

Memory: 4k page, physical 8339152k(1851116k free), swap 8339152k(4192k free)

vm_info: OpenJDK 64-Bit Server VM (25.76-b03) for windows-amd64 JRE (1.8.0_76-release-b03), built on Jun 29 2016 19:09:20 by "ralucas" with MS VC++ 10.0 (VS2010)

time: Wed Oct 26 23:24:56 2016
elapsed time: 5 seconds (0d 0h 0m 5s)

